{"D:\\Codes\\Mini-Project-main\\UserBook\\components\\Utils\\Function.js": {"path":"D:\\Codes\\Mini-Project-main\\UserBook\\components\\Utils\\Function.js","statementMap":{"0":{"start":{"line":6,"column":28},"end":{"line":22,"column":1}},"1":{"start":{"line":7,"column":2},"end":{"line":20,"column":3}},"2":{"start":{"line":8,"column":20},"end":{"line":14,"column":6}},"3":{"start":{"line":9,"column":23},"end":{"line":11,"column":26}},"4":{"start":{"line":12,"column":23},"end":{"line":12,"column":41}},"5":{"start":{"line":13,"column":6},"end":{"line":13,"column":45}},"6":{"start":{"line":15,"column":4},"end":{"line":15,"column":23}},"7":{"start":{"line":16,"column":4},"end":{"line":16,"column":20}},"8":{"start":{"line":18,"column":4},"end":{"line":18,"column":20}},"9":{"start":{"line":19,"column":4},"end":{"line":19,"column":20}},"10":{"start":{"line":21,"column":2},"end":{"line":21,"column":14}},"11":{"start":{"line":24,"column":29},"end":{"line":42,"column":1}},"12":{"start":{"line":25,"column":2},"end":{"line":41,"column":5}},"13":{"start":{"line":26,"column":4},"end":{"line":40,"column":5}},"14":{"start":{"line":27,"column":6},"end":{"line":39,"column":9}},"15":{"start":{"line":37,"column":10},"end":{"line":37,"column":30}},"16":{"start":{"line":44,"column":27},"end":{"line":49,"column":1}},"17":{"start":{"line":45,"column":2},"end":{"line":48,"column":12}},"18":{"start":{"line":46,"column":4},"end":{"line":46,"column":20}},"19":{"start":{"line":47,"column":4},"end":{"line":47,"column":25}},"20":{"start":{"line":51,"column":29},"end":{"line":54,"column":1}},"21":{"start":{"line":52,"column":19},"end":{"line":52,"column":32}},"22":{"start":{"line":53,"column":2},"end":{"line":53,"column":18}},"23":{"start":{"line":56,"column":26},"end":{"line":71,"column":1}},"24":{"start":{"line":57,"column":17},"end":{"line":60,"column":3}},"25":{"start":{"line":61,"column":2},"end":{"line":70,"column":5}},"26":{"start":{"line":62,"column":4},"end":{"line":69,"column":5}},"27":{"start":{"line":63,"column":6},"end":{"line":63,"column":55}},"28":{"start":{"line":64,"column":11},"end":{"line":69,"column":5}},"29":{"start":{"line":65,"column":6},"end":{"line":65,"column":36}},"30":{"start":{"line":67,"column":19},"end":{"line":67,"column":32}},"31":{"start":{"line":68,"column":6},"end":{"line":68,"column":31}},"32":{"start":{"line":73,"column":27},"end":{"line":89,"column":1}},"33":{"start":{"line":74,"column":17},"end":{"line":77,"column":3}},"34":{"start":{"line":78,"column":2},"end":{"line":88,"column":5}},"35":{"start":{"line":79,"column":4},"end":{"line":87,"column":5}},"36":{"start":{"line":80,"column":6},"end":{"line":80,"column":46}},"37":{"start":{"line":81,"column":11},"end":{"line":87,"column":5}},"38":{"start":{"line":82,"column":6},"end":{"line":82,"column":36}},"39":{"start":{"line":84,"column":19},"end":{"line":84,"column":32}},"40":{"start":{"line":85,"column":6},"end":{"line":85,"column":31}},"41":{"start":{"line":86,"column":6},"end":{"line":86,"column":24}},"42":{"start":{"line":91,"column":28},"end":{"line":99,"column":1}},"43":{"start":{"line":92,"column":2},"end":{"line":98,"column":3}},"44":{"start":{"line":93,"column":4},"end":{"line":93,"column":78}},"45":{"start":{"line":94,"column":4},"end":{"line":94,"column":65}},"46":{"start":{"line":96,"column":4},"end":{"line":96,"column":19}},"47":{"start":{"line":97,"column":4},"end":{"line":97,"column":17}}},"fnMap":{"0":{"name":"(anonymous_0)","decl":{"start":{"line":6,"column":28},"end":{"line":6,"column":29}},"loc":{"start":{"line":6,"column":66},"end":{"line":22,"column":1}},"line":6},"1":{"name":"(anonymous_1)","decl":{"start":{"line":8,"column":32},"end":{"line":8,"column":33}},"loc":{"start":{"line":8,"column":40},"end":{"line":14,"column":5}},"line":8},"2":{"name":"(anonymous_2)","decl":{"start":{"line":24,"column":29},"end":{"line":24,"column":30}},"loc":{"start":{"line":24,"column":35},"end":{"line":42,"column":1}},"line":24},"3":{"name":"(anonymous_3)","decl":{"start":{"line":25,"column":62},"end":{"line":25,"column":63}},"loc":{"start":{"line":25,"column":78},"end":{"line":41,"column":3}},"line":25},"4":{"name":"(anonymous_4)","decl":{"start":{"line":36,"column":17},"end":{"line":36,"column":18}},"loc":{"start":{"line":36,"column":23},"end":{"line":38,"column":9}},"line":36},"5":{"name":"(anonymous_5)","decl":{"start":{"line":44,"column":27},"end":{"line":44,"column":28}},"loc":{"start":{"line":44,"column":33},"end":{"line":49,"column":1}},"line":44},"6":{"name":"(anonymous_6)","decl":{"start":{"line":45,"column":14},"end":{"line":45,"column":15}},"loc":{"start":{"line":45,"column":20},"end":{"line":48,"column":3}},"line":45},"7":{"name":"(anonymous_7)","decl":{"start":{"line":51,"column":29},"end":{"line":51,"column":30}},"loc":{"start":{"line":51,"column":35},"end":{"line":54,"column":1}},"line":51},"8":{"name":"(anonymous_8)","decl":{"start":{"line":56,"column":26},"end":{"line":56,"column":27}},"loc":{"start":{"line":56,"column":44},"end":{"line":71,"column":1}},"line":56},"9":{"name":"(anonymous_9)","decl":{"start":{"line":61,"column":23},"end":{"line":61,"column":24}},"loc":{"start":{"line":61,"column":30},"end":{"line":70,"column":3}},"line":61},"10":{"name":"(anonymous_10)","decl":{"start":{"line":73,"column":27},"end":{"line":73,"column":28}},"loc":{"start":{"line":73,"column":45},"end":{"line":89,"column":1}},"line":73},"11":{"name":"(anonymous_11)","decl":{"start":{"line":78,"column":29},"end":{"line":78,"column":30}},"loc":{"start":{"line":78,"column":36},"end":{"line":88,"column":3}},"line":78},"12":{"name":"(anonymous_12)","decl":{"start":{"line":91,"column":28},"end":{"line":91,"column":29}},"loc":{"start":{"line":91,"column":61},"end":{"line":99,"column":1}},"line":91}},"branchMap":{"0":{"loc":{"start":{"line":7,"column":2},"end":{"line":20,"column":3}},"type":"if","locations":[{"start":{"line":7,"column":2},"end":{"line":20,"column":3}},{"start":{"line":17,"column":9},"end":{"line":20,"column":3}}],"line":7},"1":{"loc":{"start":{"line":9,"column":23},"end":{"line":11,"column":26}},"type":"cond-expr","locations":[{"start":{"line":10,"column":10},"end":{"line":10,"column":38}},{"start":{"line":11,"column":10},"end":{"line":11,"column":26}}],"line":9},"2":{"loc":{"start":{"line":26,"column":4},"end":{"line":40,"column":5}},"type":"if","locations":[{"start":{"line":26,"column":4},"end":{"line":40,"column":5}},{"start":{},"end":{}}],"line":26},"3":{"loc":{"start":{"line":62,"column":4},"end":{"line":69,"column":5}},"type":"if","locations":[{"start":{"line":62,"column":4},"end":{"line":69,"column":5}},{"start":{"line":64,"column":11},"end":{"line":69,"column":5}}],"line":62},"4":{"loc":{"start":{"line":64,"column":11},"end":{"line":69,"column":5}},"type":"if","locations":[{"start":{"line":64,"column":11},"end":{"line":69,"column":5}},{"start":{"line":66,"column":11},"end":{"line":69,"column":5}}],"line":64},"5":{"loc":{"start":{"line":79,"column":4},"end":{"line":87,"column":5}},"type":"if","locations":[{"start":{"line":79,"column":4},"end":{"line":87,"column":5}},{"start":{"line":81,"column":11},"end":{"line":87,"column":5}}],"line":79},"6":{"loc":{"start":{"line":81,"column":11},"end":{"line":87,"column":5}},"type":"if","locations":[{"start":{"line":81,"column":11},"end":{"line":87,"column":5}},{"start":{"line":83,"column":11},"end":{"line":87,"column":5}}],"line":81},"7":{"loc":{"start":{"line":92,"column":2},"end":{"line":98,"column":3}},"type":"if","locations":[{"start":{"line":92,"column":2},"end":{"line":98,"column":3}},{"start":{"line":95,"column":9},"end":{"line":98,"column":3}}],"line":92}},"s":{"0":4,"1":3,"2":2,"3":6,"4":6,"5":6,"6":2,"7":2,"8":1,"9":1,"10":3,"11":4,"12":2,"13":2,"14":1,"15":0,"16":4,"17":1,"18":0,"19":0,"20":4,"21":1,"22":1,"23":4,"24":4,"25":4,"26":3,"27":1,"28":2,"29":1,"30":1,"31":1,"32":4,"33":0,"34":0,"35":0,"36":0,"37":0,"38":0,"39":0,"40":0,"41":0,"42":4,"43":2,"44":1,"45":1,"46":1,"47":1},"f":{"0":3,"1":6,"2":2,"3":2,"4":0,"5":1,"6":0,"7":1,"8":4,"9":3,"10":0,"11":0,"12":2},"b":{"0":[2,1],"1":[6,0],"2":[1,1],"3":[1,2],"4":[1,1],"5":[0,0],"6":[0,0],"7":[1,1]},"_coverageSchema":"1a1c01bbd47fc00a2c39e90264f33305004495a9","hash":"e4cbc1b443e3bec158993e65eb5d09979f5a0026"}
,"D:\\Codes\\Mini-Project-main\\UserBook\\components\\redux\\redux.js": {"path":"D:\\Codes\\Mini-Project-main\\UserBook\\components\\redux\\redux.js","statementMap":{"0":{"start":{"line":1,"column":27},"end":{"line":1,"column":40}},"1":{"start":{"line":2,"column":28},"end":{"line":2,"column":42}},"2":{"start":{"line":3,"column":27},"end":{"line":3,"column":40}},"3":{"start":{"line":4,"column":24},"end":{"line":4,"column":34}},"4":{"start":{"line":5,"column":30},"end":{"line":5,"column":46}},"5":{"start":{"line":7,"column":26},"end":{"line":13,"column":2}},"6":{"start":{"line":7,"column":64},"end":{"line":13,"column":1}},"7":{"start":{"line":15,"column":27},"end":{"line":22,"column":2}},"8":{"start":{"line":15,"column":73},"end":{"line":22,"column":1}},"9":{"start":{"line":24,"column":27},"end":{"line":27,"column":2}},"10":{"start":{"line":24,"column":39},"end":{"line":27,"column":1}},"11":{"start":{"line":29,"column":29},"end":{"line":32,"column":2}},"12":{"start":{"line":29,"column":40},"end":{"line":32,"column":1}},"13":{"start":{"line":34,"column":19},"end":{"line":36,"column":1}},"14":{"start":{"line":38,"column":27},"end":{"line":98,"column":1}},"15":{"start":{"line":39,"column":2},"end":{"line":97,"column":3}},"16":{"start":{"line":41,"column":26},"end":{"line":56,"column":7}},"17":{"start":{"line":42,"column":8},"end":{"line":55,"column":43}},"18":{"start":{"line":54,"column":28},"end":{"line":54,"column":43}},"19":{"start":{"line":55,"column":24},"end":{"line":55,"column":41}},"20":{"start":{"line":57,"column":6},"end":{"line":57,"column":27}},"21":{"start":{"line":59,"column":27},"end":{"line":76,"column":7}},"22":{"start":{"line":60,"column":23},"end":{"line":60,"column":39}},"23":{"start":{"line":62,"column":8},"end":{"line":75,"column":43}},"24":{"start":{"line":74,"column":28},"end":{"line":74,"column":43}},"25":{"start":{"line":75,"column":24},"end":{"line":75,"column":41}},"26":{"start":{"line":77,"column":6},"end":{"line":77,"column":28}},"27":{"start":{"line":79,"column":6},"end":{"line":82,"column":8}},"28":{"start":{"line":84,"column":29},"end":{"line":93,"column":7}},"29":{"start":{"line":85,"column":8},"end":{"line":92,"column":43}},"30":{"start":{"line":91,"column":28},"end":{"line":91,"column":43}},"31":{"start":{"line":92,"column":24},"end":{"line":92,"column":41}},"32":{"start":{"line":94,"column":6},"end":{"line":94,"column":28}},"33":{"start":{"line":96,"column":6},"end":{"line":96,"column":19}}},"fnMap":{"0":{"name":"(anonymous_0)","decl":{"start":{"line":7,"column":26},"end":{"line":7,"column":27}},"loc":{"start":{"line":7,"column":64},"end":{"line":13,"column":1}},"line":7},"1":{"name":"(anonymous_1)","decl":{"start":{"line":15,"column":27},"end":{"line":15,"column":28}},"loc":{"start":{"line":15,"column":73},"end":{"line":22,"column":1}},"line":15},"2":{"name":"(anonymous_2)","decl":{"start":{"line":24,"column":27},"end":{"line":24,"column":28}},"loc":{"start":{"line":24,"column":39},"end":{"line":27,"column":1}},"line":24},"3":{"name":"(anonymous_3)","decl":{"start":{"line":29,"column":29},"end":{"line":29,"column":30}},"loc":{"start":{"line":29,"column":40},"end":{"line":32,"column":1}},"line":29},"4":{"name":"(anonymous_4)","decl":{"start":{"line":38,"column":27},"end":{"line":38,"column":28}},"loc":{"start":{"line":38,"column":61},"end":{"line":98,"column":1}},"line":38},"5":{"name":"(anonymous_5)","decl":{"start":{"line":41,"column":26},"end":{"line":41,"column":27}},"loc":{"start":{"line":41,"column":32},"end":{"line":56,"column":7}},"line":41},"6":{"name":"(anonymous_6)","decl":{"start":{"line":54,"column":16},"end":{"line":54,"column":17}},"loc":{"start":{"line":54,"column":28},"end":{"line":54,"column":43}},"line":54},"7":{"name":"(anonymous_7)","decl":{"start":{"line":55,"column":16},"end":{"line":55,"column":17}},"loc":{"start":{"line":55,"column":24},"end":{"line":55,"column":41}},"line":55},"8":{"name":"(anonymous_8)","decl":{"start":{"line":59,"column":27},"end":{"line":59,"column":28}},"loc":{"start":{"line":59,"column":33},"end":{"line":76,"column":7}},"line":59},"9":{"name":"(anonymous_9)","decl":{"start":{"line":74,"column":16},"end":{"line":74,"column":17}},"loc":{"start":{"line":74,"column":28},"end":{"line":74,"column":43}},"line":74},"10":{"name":"(anonymous_10)","decl":{"start":{"line":75,"column":16},"end":{"line":75,"column":17}},"loc":{"start":{"line":75,"column":24},"end":{"line":75,"column":41}},"line":75},"11":{"name":"(anonymous_11)","decl":{"start":{"line":84,"column":29},"end":{"line":84,"column":30}},"loc":{"start":{"line":84,"column":35},"end":{"line":93,"column":7}},"line":84},"12":{"name":"(anonymous_12)","decl":{"start":{"line":91,"column":16},"end":{"line":91,"column":17}},"loc":{"start":{"line":91,"column":28},"end":{"line":91,"column":43}},"line":91},"13":{"name":"(anonymous_13)","decl":{"start":{"line":92,"column":16},"end":{"line":92,"column":17}},"loc":{"start":{"line":92,"column":24},"end":{"line":92,"column":41}},"line":92}},"branchMap":{"0":{"loc":{"start":{"line":38,"column":28},"end":{"line":38,"column":48}},"type":"default-arg","locations":[{"start":{"line":38,"column":36},"end":{"line":38,"column":48}}],"line":38},"1":{"loc":{"start":{"line":39,"column":2},"end":{"line":97,"column":3}},"type":"switch","locations":[{"start":{"line":40,"column":4},"end":{"line":57,"column":27}},{"start":{"line":58,"column":4},"end":{"line":77,"column":28}},{"start":{"line":78,"column":4},"end":{"line":82,"column":8}},{"start":{"line":83,"column":4},"end":{"line":94,"column":28}},{"start":{"line":95,"column":4},"end":{"line":96,"column":19}}],"line":39}},"s":{"0":3,"1":3,"2":3,"3":3,"4":3,"5":3,"6":0,"7":3,"8":0,"9":3,"10":0,"11":3,"12":0,"13":3,"14":3,"15":3,"16":0,"17":0,"18":0,"19":0,"20":0,"21":0,"22":0,"23":0,"24":0,"25":0,"26":0,"27":0,"28":0,"29":0,"30":0,"31":0,"32":0,"33":3},"f":{"0":0,"1":0,"2":0,"3":0,"4":3,"5":0,"6":0,"7":0,"8":0,"9":0,"10":0,"11":0,"12":0,"13":0},"b":{"0":[0],"1":[0,0,0,0,3]},"_coverageSchema":"1a1c01bbd47fc00a2c39e90264f33305004495a9","hash":"16b31d316dfc87cce5d8c650669498413c30283d"}
,"D:\\Codes\\Mini-Project-main\\UserBook\\components\\screens\\AddContact.js": {"path":"D:\\Codes\\Mini-Project-main\\UserBook\\components\\screens\\AddContact.js","statementMap":{"0":{"start":{"line":17,"column":20},"end":{"line":129,"column":1}},"1":{"start":{"line":18,"column":42},"end":{"line":18,"column":54}},"2":{"start":{"line":19,"column":28},"end":{"line":19,"column":40}},"3":{"start":{"line":20,"column":36},"end":{"line":20,"column":48}},"4":{"start":{"line":21,"column":34},"end":{"line":21,"column":46}},"5":{"start":{"line":22,"column":24},"end":{"line":22,"column":36}},"6":{"start":{"line":23,"column":40},"end":{"line":23,"column":55}},"7":{"start":{"line":24,"column":19},"end":{"line":24,"column":32}},"8":{"start":{"line":26,"column":27},"end":{"line":40,"column":3}},"9":{"start":{"line":27,"column":4},"end":{"line":39,"column":5}},"10":{"start":{"line":28,"column":6},"end":{"line":35,"column":9}},"11":{"start":{"line":37,"column":6},"end":{"line":37,"column":66}},"12":{"start":{"line":38,"column":6},"end":{"line":38,"column":34}},"13":{"start":{"line":42,"column":2},"end":{"line":128,"column":4}},"14":{"start":{"line":47,"column":25},"end":{"line":47,"column":52}},"15":{"start":{"line":54,"column":12},"end":{"line":54,"column":31}},"16":{"start":{"line":62,"column":12},"end":{"line":79,"column":15}},"17":{"start":{"line":65,"column":31},"end":{"line":65,"column":52}},"18":{"start":{"line":70,"column":18},"end":{"line":70,"column":45}},"19":{"start":{"line":76,"column":18},"end":{"line":76,"column":46}},"20":{"start":{"line":92,"column":12},"end":{"line":92,"column":35}},"21":{"start":{"line":93,"column":12},"end":{"line":93,"column":62}},"22":{"start":{"line":103,"column":12},"end":{"line":103,"column":33}},"23":{"start":{"line":104,"column":12},"end":{"line":104,"column":61}},"24":{"start":{"line":117,"column":12},"end":{"line":117,"column":27}},"25":{"start":{"line":118,"column":12},"end":{"line":120,"column":13}},"26":{"start":{"line":119,"column":14},"end":{"line":119,"column":55}},"27":{"start":{"line":131,"column":15},"end":{"line":212,"column":2}}},"fnMap":{"0":{"name":"(anonymous_0)","decl":{"start":{"line":17,"column":20},"end":{"line":17,"column":21}},"loc":{"start":{"line":17,"column":38},"end":{"line":129,"column":1}},"line":17},"1":{"name":"(anonymous_1)","decl":{"start":{"line":26,"column":27},"end":{"line":26,"column":28}},"loc":{"start":{"line":26,"column":33},"end":{"line":40,"column":3}},"line":26},"2":{"name":"(anonymous_2)","decl":{"start":{"line":47,"column":19},"end":{"line":47,"column":20}},"loc":{"start":{"line":47,"column":25},"end":{"line":47,"column":52}},"line":47},"3":{"name":"(anonymous_3)","decl":{"start":{"line":53,"column":19},"end":{"line":53,"column":20}},"loc":{"start":{"line":53,"column":25},"end":{"line":55,"column":11}},"line":53},"4":{"name":"(anonymous_4)","decl":{"start":{"line":61,"column":19},"end":{"line":61,"column":20}},"loc":{"start":{"line":61,"column":25},"end":{"line":80,"column":11}},"line":61},"5":{"name":"(anonymous_5)","decl":{"start":{"line":65,"column":25},"end":{"line":65,"column":26}},"loc":{"start":{"line":65,"column":31},"end":{"line":65,"column":52}},"line":65},"6":{"name":"(anonymous_6)","decl":{"start":{"line":69,"column":25},"end":{"line":69,"column":26}},"loc":{"start":{"line":69,"column":31},"end":{"line":71,"column":17}},"line":69},"7":{"name":"(anonymous_7)","decl":{"start":{"line":75,"column":25},"end":{"line":75,"column":26}},"loc":{"start":{"line":75,"column":31},"end":{"line":77,"column":17}},"line":75},"8":{"name":"(anonymous_8)","decl":{"start":{"line":91,"column":24},"end":{"line":91,"column":25}},"loc":{"start":{"line":91,"column":36},"end":{"line":94,"column":11}},"line":91},"9":{"name":"(anonymous_9)","decl":{"start":{"line":102,"column":24},"end":{"line":102,"column":25}},"loc":{"start":{"line":102,"column":35},"end":{"line":105,"column":11}},"line":102},"10":{"name":"(anonymous_10)","decl":{"start":{"line":116,"column":24},"end":{"line":116,"column":25}},"loc":{"start":{"line":116,"column":34},"end":{"line":121,"column":11}},"line":116}},"branchMap":{"0":{"loc":{"start":{"line":27,"column":4},"end":{"line":39,"column":5}},"type":"if","locations":[{"start":{"line":27,"column":4},"end":{"line":39,"column":5}},{"start":{"line":36,"column":11},"end":{"line":39,"column":5}}],"line":27},"1":{"loc":{"start":{"line":27,"column":8},"end":{"line":27,"column":65}},"type":"binary-expr","locations":[{"start":{"line":27,"column":8},"end":{"line":27,"column":28}},{"start":{"line":27,"column":32},"end":{"line":27,"column":51}},{"start":{"line":27,"column":55},"end":{"line":27,"column":65}}],"line":27},"2":{"loc":{"start":{"line":81,"column":11},"end":{"line":85,"column":11}},"type":"cond-expr","locations":[{"start":{"line":82,"column":12},"end":{"line":82,"column":55}},{"start":{"line":84,"column":12},"end":{"line":84,"column":75}}],"line":81},"3":{"loc":{"start":{"line":118,"column":12},"end":{"line":120,"column":13}},"type":"if","locations":[{"start":{"line":118,"column":12},"end":{"line":120,"column":13}},{"start":{},"end":{}}],"line":118}},"s":{"0":1,"1":1,"2":1,"3":1,"4":1,"5":1,"6":1,"7":1,"8":1,"9":0,"10":0,"11":0,"12":0,"13":1,"14":0,"15":0,"16":0,"17":0,"18":0,"19":0,"20":0,"21":0,"22":0,"23":0,"24":0,"25":0,"26":0,"27":1},"f":{"0":1,"1":0,"2":0,"3":0,"4":0,"5":0,"6":0,"7":0,"8":0,"9":0,"10":0},"b":{"0":[0,0],"1":[0,0,0],"2":[1,0],"3":[0,0]},"_coverageSchema":"1a1c01bbd47fc00a2c39e90264f33305004495a9","hash":"e9acafab25fd4dd98ca3d73b9242e210749949da"}
,"D:\\Codes\\Mini-Project-main\\UserBook\\components\\screens\\EditContact.js": {"path":"D:\\Codes\\Mini-Project-main\\UserBook\\components\\screens\\EditContact.js","statementMap":{"0":{"start":{"line":19,"column":20},"end":{"line":146,"column":1}},"1":{"start":{"line":20,"column":15},"end":{"line":20,"column":34}},"2":{"start":{"line":21,"column":22},"end":{"line":21,"column":44}},"3":{"start":{"line":22,"column":21},"end":{"line":22,"column":42}},"4":{"start":{"line":23,"column":16},"end":{"line":23,"column":32}},"5":{"start":{"line":24,"column":18},"end":{"line":24,"column":30}},"6":{"start":{"line":25,"column":18},"end":{"line":25,"column":36}},"7":{"start":{"line":27,"column":28},"end":{"line":27,"column":40}},"8":{"start":{"line":28,"column":42},"end":{"line":28,"column":54}},"9":{"start":{"line":29,"column":19},"end":{"line":29,"column":32}},"10":{"start":{"line":30,"column":36},"end":{"line":30,"column":59}},"11":{"start":{"line":31,"column":34},"end":{"line":31,"column":56}},"12":{"start":{"line":32,"column":24},"end":{"line":32,"column":43}},"13":{"start":{"line":33,"column":40},"end":{"line":33,"column":59}},"14":{"start":{"line":35,"column":24},"end":{"line":49,"column":3}},"15":{"start":{"line":36,"column":4},"end":{"line":48,"column":5}},"16":{"start":{"line":37,"column":6},"end":{"line":44,"column":9}},"17":{"start":{"line":46,"column":6},"end":{"line":46,"column":75}},"18":{"start":{"line":47,"column":6},"end":{"line":47,"column":34}},"19":{"start":{"line":51,"column":2},"end":{"line":145,"column":4}},"20":{"start":{"line":57,"column":12},"end":{"line":57,"column":40}},"21":{"start":{"line":65,"column":12},"end":{"line":65,"column":28}},"22":{"start":{"line":73,"column":12},"end":{"line":87,"column":15}},"23":{"start":{"line":76,"column":31},"end":{"line":76,"column":52}},"24":{"start":{"line":80,"column":31},"end":{"line":80,"column":57}},"25":{"start":{"line":84,"column":31},"end":{"line":84,"column":58}},"26":{"start":{"line":101,"column":12},"end":{"line":101,"column":35}},"27":{"start":{"line":102,"column":12},"end":{"line":102,"column":62}},"28":{"start":{"line":112,"column":12},"end":{"line":112,"column":33}},"29":{"start":{"line":113,"column":12},"end":{"line":113,"column":61}},"30":{"start":{"line":126,"column":12},"end":{"line":126,"column":27}},"31":{"start":{"line":127,"column":12},"end":{"line":129,"column":13}},"32":{"start":{"line":128,"column":14},"end":{"line":128,"column":55}},"33":{"start":{"line":137,"column":12},"end":{"line":137,"column":44}},"34":{"start":{"line":138,"column":12},"end":{"line":138,"column":40}},"35":{"start":{"line":148,"column":15},"end":{"line":242,"column":2}}},"fnMap":{"0":{"name":"(anonymous_0)","decl":{"start":{"line":19,"column":20},"end":{"line":19,"column":21}},"loc":{"start":{"line":19,"column":45},"end":{"line":146,"column":1}},"line":19},"1":{"name":"(anonymous_1)","decl":{"start":{"line":35,"column":24},"end":{"line":35,"column":25}},"loc":{"start":{"line":35,"column":30},"end":{"line":49,"column":3}},"line":35},"2":{"name":"(anonymous_2)","decl":{"start":{"line":56,"column":19},"end":{"line":56,"column":20}},"loc":{"start":{"line":56,"column":25},"end":{"line":58,"column":11}},"line":56},"3":{"name":"(anonymous_3)","decl":{"start":{"line":64,"column":19},"end":{"line":64,"column":20}},"loc":{"start":{"line":64,"column":25},"end":{"line":66,"column":11}},"line":64},"4":{"name":"(anonymous_4)","decl":{"start":{"line":72,"column":19},"end":{"line":72,"column":20}},"loc":{"start":{"line":72,"column":25},"end":{"line":88,"column":11}},"line":72},"5":{"name":"(anonymous_5)","decl":{"start":{"line":76,"column":25},"end":{"line":76,"column":26}},"loc":{"start":{"line":76,"column":31},"end":{"line":76,"column":52}},"line":76},"6":{"name":"(anonymous_6)","decl":{"start":{"line":80,"column":25},"end":{"line":80,"column":26}},"loc":{"start":{"line":80,"column":31},"end":{"line":80,"column":57}},"line":80},"7":{"name":"(anonymous_7)","decl":{"start":{"line":84,"column":25},"end":{"line":84,"column":26}},"loc":{"start":{"line":84,"column":31},"end":{"line":84,"column":58}},"line":84},"8":{"name":"(anonymous_8)","decl":{"start":{"line":100,"column":24},"end":{"line":100,"column":25}},"loc":{"start":{"line":100,"column":36},"end":{"line":103,"column":11}},"line":100},"9":{"name":"(anonymous_9)","decl":{"start":{"line":111,"column":24},"end":{"line":111,"column":25}},"loc":{"start":{"line":111,"column":35},"end":{"line":114,"column":11}},"line":111},"10":{"name":"(anonymous_10)","decl":{"start":{"line":125,"column":24},"end":{"line":125,"column":25}},"loc":{"start":{"line":125,"column":34},"end":{"line":130,"column":11}},"line":125},"11":{"name":"(anonymous_11)","decl":{"start":{"line":136,"column":19},"end":{"line":136,"column":20}},"loc":{"start":{"line":136,"column":25},"end":{"line":139,"column":11}},"line":136}},"branchMap":{"0":{"loc":{"start":{"line":36,"column":4},"end":{"line":48,"column":5}},"type":"if","locations":[{"start":{"line":36,"column":4},"end":{"line":48,"column":5}},{"start":{"line":45,"column":11},"end":{"line":48,"column":5}}],"line":36},"1":{"loc":{"start":{"line":36,"column":8},"end":{"line":36,"column":65}},"type":"binary-expr","locations":[{"start":{"line":36,"column":8},"end":{"line":36,"column":28}},{"start":{"line":36,"column":32},"end":{"line":36,"column":51}},{"start":{"line":36,"column":55},"end":{"line":36,"column":65}}],"line":36},"2":{"loc":{"start":{"line":89,"column":11},"end":{"line":93,"column":11}},"type":"cond-expr","locations":[{"start":{"line":90,"column":12},"end":{"line":90,"column":55}},{"start":{"line":92,"column":12},"end":{"line":92,"column":75}}],"line":89},"3":{"loc":{"start":{"line":127,"column":12},"end":{"line":129,"column":13}},"type":"if","locations":[{"start":{"line":127,"column":12},"end":{"line":129,"column":13}},{"start":{},"end":{}}],"line":127}},"s":{"0":1,"1":1,"2":1,"3":1,"4":1,"5":1,"6":1,"7":1,"8":1,"9":1,"10":1,"11":1,"12":1,"13":1,"14":1,"15":0,"16":0,"17":0,"18":0,"19":1,"20":1,"21":0,"22":0,"23":0,"24":0,"25":0,"26":0,"27":0,"28":0,"29":0,"30":0,"31":0,"32":0,"33":0,"34":0,"35":1},"f":{"0":1,"1":0,"2":1,"3":0,"4":0,"5":0,"6":0,"7":0,"8":0,"9":0,"10":0,"11":0},"b":{"0":[0,0],"1":[0,0,0],"2":[0,1],"3":[0,0]},"_coverageSchema":"1a1c01bbd47fc00a2c39e90264f33305004495a9","hash":"1ea4539bb8fca557e681b27c0e3df4c167125f82"}
,"D:\\Codes\\Mini-Project-main\\UserBook\\components\\screens\\Home.js": {"path":"D:\\Codes\\Mini-Project-main\\UserBook\\components\\screens\\Home.js","statementMap":{"0":{"start":{"line":17,"column":13},"end":{"line":113,"column":1}},"1":{"start":{"line":18,"column":19},"end":{"line":18,"column":32}},"2":{"start":{"line":19,"column":18},"end":{"line":19,"column":49}},"3":{"start":{"line":19,"column":39},"end":{"line":19,"column":48}},"4":{"start":{"line":20,"column":30},"end":{"line":20,"column":42}},"5":{"start":{"line":21,"column":42},"end":{"line":21,"column":54}},"6":{"start":{"line":23,"column":18},"end":{"line":31,"column":3}},"7":{"start":{"line":24,"column":4},"end":{"line":29,"column":9}},"8":{"start":{"line":25,"column":24},"end":{"line":25,"column":39}},"9":{"start":{"line":27,"column":8},"end":{"line":27,"column":41}},"10":{"start":{"line":28,"column":8},"end":{"line":28,"column":35}},"11":{"start":{"line":30,"column":4},"end":{"line":30,"column":21}},"12":{"start":{"line":33,"column":2},"end":{"line":41,"column":19}},"13":{"start":{"line":34,"column":4},"end":{"line":34,"column":14}},"14":{"start":{"line":35,"column":4},"end":{"line":35,"column":20}},"15":{"start":{"line":36,"column":24},"end":{"line":38,"column":6}},"16":{"start":{"line":37,"column":6},"end":{"line":37,"column":16}},"17":{"start":{"line":39,"column":4},"end":{"line":39,"column":23}},"18":{"start":{"line":43,"column":2},"end":{"line":43,"column":18}},"19":{"start":{"line":45,"column":2},"end":{"line":112,"column":4}},"20":{"start":{"line":53,"column":23},"end":{"line":53,"column":78}},"21":{"start":{"line":56,"column":12},"end":{"line":56,"column":69}},"22":{"start":{"line":65,"column":12},"end":{"line":65,"column":50}},"23":{"start":{"line":67,"column":41},"end":{"line":67,"column":43}},"24":{"start":{"line":69,"column":12},"end":{"line":97,"column":14}},"25":{"start":{"line":74,"column":20},"end":{"line":80,"column":23}},"26":{"start":{"line":106,"column":12},"end":{"line":106,"column":46}},"27":{"start":{"line":115,"column":15},"end":{"line":176,"column":2}}},"fnMap":{"0":{"name":"(anonymous_0)","decl":{"start":{"line":17,"column":13},"end":{"line":17,"column":14}},"loc":{"start":{"line":17,"column":31},"end":{"line":113,"column":1}},"line":17},"1":{"name":"(anonymous_1)","decl":{"start":{"line":19,"column":30},"end":{"line":19,"column":31}},"loc":{"start":{"line":19,"column":39},"end":{"line":19,"column":48}},"line":19},"2":{"name":"(anonymous_2)","decl":{"start":{"line":23,"column":18},"end":{"line":23,"column":19}},"loc":{"start":{"line":23,"column":24},"end":{"line":31,"column":3}},"line":23},"3":{"name":"(anonymous_3)","decl":{"start":{"line":25,"column":12},"end":{"line":25,"column":13}},"loc":{"start":{"line":25,"column":24},"end":{"line":25,"column":39}},"line":25},"4":{"name":"(anonymous_4)","decl":{"start":{"line":26,"column":12},"end":{"line":26,"column":13}},"loc":{"start":{"line":26,"column":20},"end":{"line":29,"column":7}},"line":26},"5":{"name":"(anonymous_5)","decl":{"start":{"line":33,"column":12},"end":{"line":33,"column":13}},"loc":{"start":{"line":33,"column":18},"end":{"line":41,"column":3}},"line":33},"6":{"name":"(anonymous_6)","decl":{"start":{"line":36,"column":56},"end":{"line":36,"column":57}},"loc":{"start":{"line":36,"column":62},"end":{"line":38,"column":5}},"line":36},"7":{"name":"(anonymous_7)","decl":{"start":{"line":53,"column":17},"end":{"line":53,"column":18}},"loc":{"start":{"line":53,"column":23},"end":{"line":53,"column":78}},"line":53},"8":{"name":"(anonymous_8)","decl":{"start":{"line":55,"column":21},"end":{"line":55,"column":22}},"loc":{"start":{"line":56,"column":12},"end":{"line":56,"column":69}},"line":56},"9":{"name":"(anonymous_9)","decl":{"start":{"line":64,"column":34},"end":{"line":64,"column":35}},"loc":{"start":{"line":65,"column":12},"end":{"line":65,"column":50}},"line":65},"10":{"name":"(anonymous_10)","decl":{"start":{"line":67,"column":24},"end":{"line":67,"column":25}},"loc":{"start":{"line":67,"column":41},"end":{"line":67,"column":43}},"line":67},"11":{"name":"(anonymous_11)","decl":{"start":{"line":68,"column":22},"end":{"line":68,"column":23}},"loc":{"start":{"line":68,"column":34},"end":{"line":98,"column":11}},"line":68},"12":{"name":"(anonymous_12)","decl":{"start":{"line":73,"column":27},"end":{"line":73,"column":28}},"loc":{"start":{"line":73,"column":33},"end":{"line":81,"column":19}},"line":73},"13":{"name":"(anonymous_13)","decl":{"start":{"line":105,"column":19},"end":{"line":105,"column":20}},"loc":{"start":{"line":105,"column":25},"end":{"line":107,"column":11}},"line":105}},"branchMap":{"0":{"loc":{"start":{"line":83,"column":21},"end":{"line":90,"column":21}},"type":"cond-expr","locations":[{"start":{"line":84,"column":22},"end":{"line":84,"column":69}},{"start":{"line":86,"column":22},"end":{"line":89,"column":24}}],"line":83}},"s":{"0":1,"1":1,"2":1,"3":1,"4":1,"5":1,"6":1,"7":0,"8":0,"9":0,"10":0,"11":0,"12":1,"13":0,"14":0,"15":0,"16":0,"17":0,"18":1,"19":1,"20":0,"21":0,"22":0,"23":0,"24":0,"25":0,"26":1,"27":1},"f":{"0":1,"1":1,"2":0,"3":0,"4":0,"5":0,"6":0,"7":0,"8":0,"9":0,"10":0,"11":0,"12":0,"13":1},"b":{"0":[0,0]},"_coverageSchema":"1a1c01bbd47fc00a2c39e90264f33305004495a9","hash":"3d94505092ffc388d30c744590c04e9a840e41ff"}
,"D:\\Codes\\Mini-Project-main\\UserBook\\components\\screens\\SearchBar.js": {"path":"D:\\Codes\\Mini-Project-main\\UserBook\\components\\screens\\SearchBar.js","statementMap":{"0":{"start":{"line":5,"column":27},"end":{"line":20,"column":1}},"1":{"start":{"line":6,"column":2},"end":{"line":19,"column":4}},"2":{"start":{"line":22,"column":15},"end":{"line":41,"column":2}}},"fnMap":{"0":{"name":"(anonymous_0)","decl":{"start":{"line":5,"column":27},"end":{"line":5,"column":28}},"loc":{"start":{"line":5,"column":73},"end":{"line":20,"column":1}},"line":5}},"branchMap":{},"s":{"0":1,"1":1,"2":1},"f":{"0":1},"b":{},"_coverageSchema":"1a1c01bbd47fc00a2c39e90264f33305004495a9","hash":"b078845813a3e94875b08e703aa210d86fca4446"}
}
