TN:
SF:components\Utils\Function.js
FN:6,(anonymous_0)
FN:8,(anonymous_1)
FN:24,(anonymous_2)
FN:25,(anonymous_3)
FN:36,(anonymous_4)
FN:44,(anonymous_5)
FN:45,(anonymous_6)
FN:51,(anonymous_7)
FN:56,(anonymous_8)
FN:61,(anonymous_9)
FN:73,(anonymous_10)
FN:78,(anonymous_11)
FN:91,(anonymous_12)
FNF:13
FNH:9
FNDA:3,(anonymous_0)
FNDA:6,(anonymous_1)
FNDA:2,(anonymous_2)
FNDA:2,(anonymous_3)
FNDA:0,(anonymous_4)
FNDA:1,(anonymous_5)
FNDA:0,(anonymous_6)
FNDA:1,(anonymous_7)
FNDA:4,(anonymous_8)
FNDA:3,(anonymous_9)
FNDA:0,(anonymous_10)
FNDA:0,(anonymous_11)
FNDA:2,(anonymous_12)
DA:6,4
DA:7,3
DA:8,2
DA:9,6
DA:12,6
DA:13,6
DA:15,2
DA:16,2
DA:18,1
DA:19,1
DA:21,3
DA:24,4
DA:25,2
DA:26,2
DA:27,1
DA:37,0
DA:44,4
DA:45,1
DA:46,0
DA:47,0
DA:51,4
DA:52,1
DA:53,1
DA:56,4
DA:57,4
DA:61,4
DA:62,3
DA:63,1
DA:64,2
DA:65,1
DA:67,1
DA:68,1
DA:73,4
DA:74,0
DA:78,0
DA:79,0
DA:80,0
DA:81,0
DA:82,0
DA:84,0
DA:85,0
DA:86,0
DA:91,4
DA:92,2
DA:93,1
DA:94,1
DA:96,1
DA:97,1
LF:48
LH:36
BRDA:7,0,0,2
BRDA:7,0,1,1
BRDA:9,1,0,6
BRDA:9,1,1,0
BRDA:26,2,0,1
BRDA:26,2,1,1
BRDA:62,3,0,1
BRDA:62,3,1,2
BRDA:64,4,0,1
BRDA:64,4,1,1
BRDA:79,5,0,0
BRDA:79,5,1,0
BRDA:81,6,0,0
BRDA:81,6,1,0
BRDA:92,7,0,1
BRDA:92,7,1,1
BRF:16
BRH:11
end_of_record
TN:
SF:components\redux\redux.js
FN:7,(anonymous_0)
FN:15,(anonymous_1)
FN:24,(anonymous_2)
FN:29,(anonymous_3)
FN:38,(anonymous_4)
FN:41,(anonymous_5)
FN:54,(anonymous_6)
FN:55,(anonymous_7)
FN:59,(anonymous_8)
FN:74,(anonymous_9)
FN:75,(anonymous_10)
FN:84,(anonymous_11)
FN:91,(anonymous_12)
FN:92,(anonymous_13)
FNF:14
FNH:1
FNDA:0,(anonymous_0)
FNDA:0,(anonymous_1)
FNDA:0,(anonymous_2)
FNDA:0,(anonymous_3)
FNDA:3,(anonymous_4)
FNDA:0,(anonymous_5)
FNDA:0,(anonymous_6)
FNDA:0,(anonymous_7)
FNDA:0,(anonymous_8)
FNDA:0,(anonymous_9)
FNDA:0,(anonymous_10)
FNDA:0,(anonymous_11)
FNDA:0,(anonymous_12)
FNDA:0,(anonymous_13)
DA:1,3
DA:2,3
DA:3,3
DA:4,3
DA:5,3
DA:7,3
DA:15,3
DA:24,3
DA:29,3
DA:34,3
DA:38,3
DA:39,3
DA:41,0
DA:42,0
DA:54,0
DA:55,0
DA:57,0
DA:59,0
DA:60,0
DA:62,0
DA:74,0
DA:75,0
DA:77,0
DA:79,0
DA:84,0
DA:85,0
DA:91,0
DA:92,0
DA:94,0
DA:96,3
LF:30
LH:13
BRDA:38,0,0,0
BRDA:39,1,0,0
BRDA:39,1,1,0
BRDA:39,1,2,0
BRDA:39,1,3,0
BRDA:39,1,4,3
BRF:6
BRH:1
end_of_record
TN:
SF:components\screens\AddContact.js
FN:17,(anonymous_0)
FN:26,(anonymous_1)
FN:47,(anonymous_2)
FN:53,(anonymous_3)
FN:61,(anonymous_4)
FN:65,(anonymous_5)
FN:69,(anonymous_6)
FN:75,(anonymous_7)
FN:91,(anonymous_8)
FN:102,(anonymous_9)
FN:116,(anonymous_10)
FNF:11
FNH:1
FNDA:1,(anonymous_0)
FNDA:0,(anonymous_1)
FNDA:0,(anonymous_2)
FNDA:0,(anonymous_3)
FNDA:0,(anonymous_4)
FNDA:0,(anonymous_5)
FNDA:0,(anonymous_6)
FNDA:0,(anonymous_7)
FNDA:0,(anonymous_8)
FNDA:0,(anonymous_9)
FNDA:0,(anonymous_10)
DA:17,1
DA:18,1
DA:19,1
DA:20,1
DA:21,1
DA:22,1
DA:23,1
DA:24,1
DA:26,1
DA:27,0
DA:28,0
DA:37,0
DA:38,0
DA:42,1
DA:47,0
DA:54,0
DA:62,0
DA:65,0
DA:70,0
DA:76,0
DA:92,0
DA:93,0
DA:103,0
DA:104,0
DA:117,0
DA:118,0
DA:119,0
DA:131,1
LF:28
LH:11
BRDA:27,0,0,0
BRDA:27,0,1,0
BRDA:27,1,0,0
BRDA:27,1,1,0
BRDA:27,1,2,0
BRDA:81,2,0,1
BRDA:81,2,1,0
BRDA:118,3,0,0
BRDA:118,3,1,0
BRF:9
BRH:1
end_of_record
TN:
SF:components\screens\EditContact.js
FN:19,(anonymous_0)
FN:35,(anonymous_1)
FN:56,(anonymous_2)
FN:64,(anonymous_3)
FN:72,(anonymous_4)
FN:76,(anonymous_5)
FN:80,(anonymous_6)
FN:84,(anonymous_7)
FN:100,(anonymous_8)
FN:111,(anonymous_9)
FN:125,(anonymous_10)
FN:136,(anonymous_11)
FNF:12
FNH:2
FNDA:1,(anonymous_0)
FNDA:0,(anonymous_1)
FNDA:1,(anonymous_2)
FNDA:0,(anonymous_3)
FNDA:0,(anonymous_4)
FNDA:0,(anonymous_5)
FNDA:0,(anonymous_6)
FNDA:0,(anonymous_7)
FNDA:0,(anonymous_8)
FNDA:0,(anonymous_9)
FNDA:0,(anonymous_10)
FNDA:0,(anonymous_11)
DA:19,1
DA:20,1
DA:21,1
DA:22,1
DA:23,1
DA:24,1
DA:25,1
DA:27,1
DA:28,1
DA:29,1
DA:30,1
DA:31,1
DA:32,1
DA:33,1
DA:35,1
DA:36,0
DA:37,0
DA:46,0
DA:47,0
DA:51,1
DA:57,1
DA:65,0
DA:73,0
DA:76,0
DA:80,0
DA:84,0
DA:101,0
DA:102,0
DA:112,0
DA:113,0
DA:126,0
DA:127,0
DA:128,0
DA:137,0
DA:138,0
DA:148,1
LF:36
LH:18
BRDA:36,0,0,0
BRDA:36,0,1,0
BRDA:36,1,0,0
BRDA:36,1,1,0
BRDA:36,1,2,0
BRDA:89,2,0,0
BRDA:89,2,1,1
BRDA:127,3,0,0
BRDA:127,3,1,0
BRF:9
BRH:1
end_of_record
TN:
SF:components\screens\Home.js
FN:17,(anonymous_0)
FN:19,(anonymous_1)
FN:23,(anonymous_2)
FN:25,(anonymous_3)
FN:26,(anonymous_4)
FN:33,(anonymous_5)
FN:36,(anonymous_6)
FN:53,(anonymous_7)
FN:55,(anonymous_8)
FN:64,(anonymous_9)
FN:67,(anonymous_10)
FN:68,(anonymous_11)
FN:73,(anonymous_12)
FN:105,(anonymous_13)
FNF:14
FNH:3
FNDA:1,(anonymous_0)
FNDA:1,(anonymous_1)
FNDA:0,(anonymous_2)
FNDA:0,(anonymous_3)
FNDA:0,(anonymous_4)
FNDA:0,(anonymous_5)
FNDA:0,(anonymous_6)
FNDA:0,(anonymous_7)
FNDA:0,(anonymous_8)
FNDA:0,(anonymous_9)
FNDA:0,(anonymous_10)
FNDA:0,(anonymous_11)
FNDA:0,(anonymous_12)
FNDA:1,(anonymous_13)
DA:17,1
DA:18,1
DA:19,1
DA:20,1
DA:21,1
DA:23,1
DA:24,0
DA:25,0
DA:27,0
DA:28,0
DA:30,0
DA:33,1
DA:34,0
DA:35,0
DA:36,0
DA:37,0
DA:39,0
DA:43,1
DA:45,1
DA:53,0
DA:56,0
DA:65,0
DA:67,0
DA:69,0
DA:74,0
DA:106,1
DA:115,1
LF:27
LH:11
BRDA:83,0,0,0
BRDA:83,0,1,0
BRF:2
BRH:0
end_of_record
TN:
SF:components\screens\SearchBar.js
FN:5,(anonymous_0)
FNF:1
FNH:1
FNDA:1,(anonymous_0)
DA:5,1
DA:6,1
DA:22,1
LF:3
LH:3
BRF:0
BRH:0
end_of_record
